[DEBUG][20-02-03][org.apache.ibatis.logging.LogFactory]Logging initialized using 'class org.apache.ibatis.logging.log4j.Log4jImpl' adapter.
[DEBUG][20-02-03][org.apache.ibatis.datasource.pooled.PooledDataSource]PooledDataSource forcefully closed/removed all connections.
[DEBUG][20-02-03][org.apache.ibatis.datasource.pooled.PooledDataSource]PooledDataSource forcefully closed/removed all connections.
[DEBUG][20-02-03][org.apache.ibatis.datasource.pooled.PooledDataSource]PooledDataSource forcefully closed/removed all connections.
[DEBUG][20-02-03][org.apache.ibatis.datasource.pooled.PooledDataSource]PooledDataSource forcefully closed/removed all connections.
[DEBUG][20-02-03][org.apache.ibatis.transaction.jdbc.JdbcTransaction]Opening JDBC Connection
[DEBUG][20-02-03][org.apache.ibatis.datasource.pooled.PooledDataSource]Created connection 1846406218.
[DEBUG][20-02-03][org.apache.ibatis.transaction.jdbc.JdbcTransaction]Setting autocommit to false on JDBC Connection [com.mysql.cj.jdbc.ConnectionImpl@6e0dec4a]
[DEBUG][20-02-03][com.mapper.UserMapper.getLimitUser]==>  Preparing: select * from user limit ?,?; 
[DEBUG][20-02-03][com.mapper.UserMapper.getLimitUser]==> Parameters: 0(Integer), 3(Integer)
[DEBUG][20-02-03][com.mapper.UserMapper.getLimitUser]<==      Total: 3
[DEBUG][20-02-03][org.apache.ibatis.transaction.jdbc.JdbcTransaction]Resetting autocommit to true on JDBC Connection [com.mysql.cj.jdbc.ConnectionImpl@6e0dec4a]
[DEBUG][20-02-03][org.apache.ibatis.transaction.jdbc.JdbcTransaction]Closing JDBC Connection [com.mysql.cj.jdbc.ConnectionImpl@6e0dec4a]
[DEBUG][20-02-03][org.apache.ibatis.datasource.pooled.PooledDataSource]Returned connection 1846406218 to pool.
[DEBUG][20-02-03][org.apache.ibatis.logging.LogFactory]Logging initialized using 'class org.apache.ibatis.logging.log4j.Log4jImpl' adapter.
[DEBUG][20-02-03][org.apache.ibatis.datasource.pooled.PooledDataSource]PooledDataSource forcefully closed/removed all connections.
[DEBUG][20-02-03][org.apache.ibatis.datasource.pooled.PooledDataSource]PooledDataSource forcefully closed/removed all connections.
[DEBUG][20-02-03][org.apache.ibatis.datasource.pooled.PooledDataSource]PooledDataSource forcefully closed/removed all connections.
[DEBUG][20-02-03][org.apache.ibatis.datasource.pooled.PooledDataSource]PooledDataSource forcefully closed/removed all connections.
[DEBUG][20-02-03][org.apache.ibatis.transaction.jdbc.JdbcTransaction]Opening JDBC Connection
[DEBUG][20-02-03][org.apache.ibatis.datasource.pooled.PooledDataSource]Created connection 2024453272.
[DEBUG][20-02-03][org.apache.ibatis.transaction.jdbc.JdbcTransaction]Setting autocommit to false on JDBC Connection [com.mysql.cj.jdbc.ConnectionImpl@78aab498]
[DEBUG][20-02-03][com.mapper.UserMapper.getUserByRowBounds]==>  Preparing: select * from user; 
[DEBUG][20-02-03][com.mapper.UserMapper.getUserByRowBounds]==> Parameters: 
[DEBUG][20-02-03][org.apache.ibatis.transaction.jdbc.JdbcTransaction]Resetting autocommit to true on JDBC Connection [com.mysql.cj.jdbc.ConnectionImpl@78aab498]
[DEBUG][20-02-03][org.apache.ibatis.transaction.jdbc.JdbcTransaction]Closing JDBC Connection [com.mysql.cj.jdbc.ConnectionImpl@78aab498]
[DEBUG][20-02-03][org.apache.ibatis.datasource.pooled.PooledDataSource]Returned connection 2024453272 to pool.
[DEBUG][20-02-03][org.apache.ibatis.logging.LogFactory]Logging initialized using 'class org.apache.ibatis.logging.log4j.Log4jImpl' adapter.
[DEBUG][20-02-03][org.apache.ibatis.datasource.pooled.PooledDataSource]PooledDataSource forcefully closed/removed all connections.
[DEBUG][20-02-03][org.apache.ibatis.datasource.pooled.PooledDataSource]PooledDataSource forcefully closed/removed all connections.
[DEBUG][20-02-03][org.apache.ibatis.datasource.pooled.PooledDataSource]PooledDataSource forcefully closed/removed all connections.
[DEBUG][20-02-03][org.apache.ibatis.datasource.pooled.PooledDataSource]PooledDataSource forcefully closed/removed all connections.
[DEBUG][20-02-03][org.apache.ibatis.transaction.jdbc.JdbcTransaction]Opening JDBC Connection
[DEBUG][20-02-03][org.apache.ibatis.datasource.pooled.PooledDataSource]Created connection 313540687.
[DEBUG][20-02-03][org.apache.ibatis.transaction.jdbc.JdbcTransaction]Setting autocommit to false on JDBC Connection [com.mysql.cj.jdbc.ConnectionImpl@12b0404f]
[DEBUG][20-02-03][com.mapper.UserMapper.getUserByRowBounds]==>  Preparing: select * from user; 
[DEBUG][20-02-03][com.mapper.UserMapper.getUserByRowBounds]==> Parameters: 
[DEBUG][20-02-03][org.apache.ibatis.transaction.jdbc.JdbcTransaction]Resetting autocommit to true on JDBC Connection [com.mysql.cj.jdbc.ConnectionImpl@12b0404f]
[DEBUG][20-02-03][org.apache.ibatis.transaction.jdbc.JdbcTransaction]Closing JDBC Connection [com.mysql.cj.jdbc.ConnectionImpl@12b0404f]
[DEBUG][20-02-03][org.apache.ibatis.datasource.pooled.PooledDataSource]Returned connection 313540687 to pool.
